C51 COMPILER V9.54   DELAY                                                                 07/07/2023 11:59:37 PAGE 1   


C51 COMPILER V9.54, COMPILATION OF MODULE DELAY
OBJECT MODULE PLACED IN .\Objects\delay.obj
COMPILER INVOKED BY: D:\Keil 5\C51\BIN\C51.EXE delay.c LARGE OPTIMIZE(8,SPEED) BROWSE DEBUG OBJECTEXTEND PRINT(.\Listing
                    -s\delay.lst) TABS(2) OBJECT(.\Objects\delay.obj)

line level    source

   1          #include "delay.h"
   2          
   3          void delay_ms(u16 ms)
   4          {
   5   1          unsigned int i;
   6   1        do{
   7   2          i = MAIN_Fosc / 13000;
   8   2          while(--i)  ;   //14T per loop
   9   2          }
  10   1        while(--ms);
  11   1      }
  12          
  13          void delay30us()    //@12.000MHz
  14          {
  15   1        unsigned char i;
  16   1      
  17   1        _nop_();
  18   1        _nop_();
  19   1        i = 87;
  20   1        while (-- i);
  21   1      }
  22          
  23          void delay10us()    
  24          {
  25   1        unsigned char i;
  26   1      
  27   1        _nop_();
  28   1        _nop_();
  29   1        i = 27;
  30   1        while (-- i);
  31   1      }
  32          
  33          void delay180ms()   //@11.0592MHz
  34          {
  35   1        unsigned char i, j, k;
  36   1      
  37   1        _nop_();
  38   1        _nop_();
  39   1        i = 8;
  40   1        j = 145;
  41   1        k = 99;
  42   1        do
  43   1        {
  44   2          do
  45   2          {
  46   3            while (--k);
  47   3          } 
  48   2              while (--j);
  49   2        } 
  50   1          while (--i);
  51   1      }
  52          
  53          void delay5ms()   //@11.0592MHz
  54          {
C51 COMPILER V9.54   DELAY                                                                 07/07/2023 11:59:37 PAGE 2   

  55   1        unsigned char i, j;
  56   1      
  57   1        i = 54;
  58   1        j = 199;
  59   1        do
  60   1        {
  61   2          while (--j);
  62   2        }
  63   1          while (--i);
  64   1      }
  65          
  66          void delay5us()   //@11.0592MHz
  67          {
  68   1        unsigned char i;
  69   1      
  70   1        _nop_();
  71   1        i = 11;
  72   1        while (--i);
  73   1      }
  74          
  75          void delay1000ms()
  76          {
  77   1        unsigned char i, j, k;
  78   1      
  79   1        _nop_();
  80   1        _nop_();
  81   1        i = 46;
  82   1        j = 153;
  83   1        k = 245;
  84   1        do
  85   1        {
  86   2          do
  87   2          {
  88   3            while (--k);
  89   3          } while (--j);
  90   2        } while (--i);
  91   1      }
  92          
  93          void delay500us()                     //@11.0592MHz
  94          {
  95   1        unsigned char i, j;
  96   1      
  97   1        _nop_();
  98   1        _nop_();
  99   1        i = 6;
 100   1        j = 93;
 101   1        do{
 102   2          while (--j);
 103   2        } while (--i);
 104   1      }
 105          
 106          void delay70us()    //@11.0592MHz
 107          {
 108   1        unsigned char i;
 109   1      
 110   1        i = 191;
 111   1        while (--i);
 112   1      }
 113          
 114          void delay50us()    //@11.0592MHz
 115          {
 116   1        unsigned char i;
C51 COMPILER V9.54   DELAY                                                                 07/07/2023 11:59:37 PAGE 3   

 117   1      
 118   1        _nop_();
 119   1        _nop_();
 120   1        _nop_();
 121   1        i = 135;
 122   1        while (--i);
 123   1      }


MODULE INFORMATION:   STATIC OVERLAYABLE
   CODE SIZE        =    106    ----
   CONSTANT SIZE    =   ----    ----
   XDATA SIZE       =   ----    ----
   PDATA SIZE       =   ----    ----
   DATA SIZE        =   ----    ----
   IDATA SIZE       =   ----    ----
   BIT SIZE         =   ----    ----
END OF MODULE INFORMATION.


C51 COMPILATION COMPLETE.  0 WARNING(S),  0 ERROR(S)
