C51 COMPILER V9.54   DS18B20                                                               05/23/2023 20:22:55 PAGE 1   


C51 COMPILER V9.54, COMPILATION OF MODULE DS18B20
OBJECT MODULE PLACED IN .\Objects\DS18B20.obj
COMPILER INVOKED BY: D:\Keil5 C51\C51\BIN\C51.EXE DS18B20.c LARGE OPTIMIZE(8,SPEED) BROWSE DEBUG OBJECTEXTEND PRINT(.\Li
                    -stings\DS18B20.lst) TABS(2) OBJECT(.\Objects\DS18B20.obj)

line level    source

   1          #include "config.h"
   2          #include "GPIO.h"
   3          #include "delay.h"
   4          
   5           //引脚定义
   6          sbit OneWire_DQ = P0^7;
   7          
   8          //DS18B20指令
   9          #define DS18B20_SKIP_ROM      0xCC
  10          #define DS18B20_CONVERT_T     0x44
  11          #define DS18B20_READ_SCRATCHPAD   0xBE
  12          
  13          /**
  14            * @brief  单总线初始化
  15            * @param  无
  16            * @retval 从机响应位，0为响应，1为未响应
  17            */
  18          unsigned char OneWire_Init(void)
  19          {
  20   1        unsigned char AckBit;
  21   1        OneWire_DQ=1;
  22   1        OneWire_DQ=0;
  23   1        delay500us();   //Delay 500us
  24   1        OneWire_DQ=1;
  25   1        delay70us();    //Delay 70us
  26   1        AckBit=OneWire_DQ;
  27   1        delay500us();   //Delay 500us
  28   1        return AckBit;
  29   1      }
  30          
  31          /**
  32            * @brief  单总线发送一位
  33            * @param  Bit 要发送的位
  34            * @retval 无
  35            */
  36          void OneWire_SendBit(unsigned char Bit)
  37          {
  38   1        OneWire_DQ=0;
  39   1        delay10us();      //Delay 10us
  40   1        OneWire_DQ=Bit;
  41   1        delay50us();  //Delay 50us
  42   1        OneWire_DQ=1;
  43   1      }
  44          
  45          /**
  46            * @brief  单总线接收一位
  47            * @param  无
  48            * @retval 读取的位
  49            */
  50          unsigned char OneWire_ReceiveBit(void)
  51          {
  52   1        unsigned char Bit;
  53   1        OneWire_DQ=0;
  54   1        delay5us();     //Delay 5us
C51 COMPILER V9.54   DS18B20                                                               05/23/2023 20:22:55 PAGE 2   

  55   1        OneWire_DQ=1;
  56   1        delay5us();   //Delay 5us
  57   1        Bit=OneWire_DQ;
  58   1        delay50us();      //Delay 50us
  59   1        return Bit;
  60   1      }
  61          
  62          /**
  63            * @brief  单总线发送一个字节
  64            * @param  Byte 要发送的字节
  65            * @retval 无
  66            */
  67          void OneWire_SendByte(unsigned char Byte)
  68          {
  69   1        unsigned char i;
  70   1        for(i=0;i<8;i++)
  71   1        {
  72   2          OneWire_SendBit(Byte&(0x01<<i));
  73   2        }
  74   1      }
  75          
  76          /**
  77            * @brief  单总线接收一个字节
  78            * @param  无
  79            * @retval 接收的一个字节
  80            */
  81          unsigned char OneWire_ReceiveByte(void)
  82          {
  83   1        unsigned char i;
  84   1        unsigned char Byte=0x00;
  85   1        for(i=0;i<8;i++)
  86   1        {
  87   2          if(OneWire_ReceiveBit()){Byte|=(0x01<<i);}
  88   2        }
  89   1        return Byte;
  90   1      }
  91          
  92          
  93          
  94          /**
  95            * @brief  DS18B20开始温度变换
  96            * @param  无
  97            * @retval 无
  98            */
  99          void DS18B20_ConvertT(void)
 100          {
 101   1        OneWire_Init();
 102   1        OneWire_SendByte(DS18B20_SKIP_ROM);
 103   1        OneWire_SendByte(DS18B20_CONVERT_T);
 104   1      }
 105          
 106          /**
 107            * @brief  DS18B20读取温度
 108            * @param  无
 109            * @retval 温度数值
 110            */
 111          float DS18B20_ReadT()
 112          {  
 113   1        unsigned char TLSB,TMSB;
 114   1        int Temp;
 115   1        float T;
 116   1        DS18B20_ConvertT(); //转换温度
C51 COMPILER V9.54   DS18B20                                                               05/23/2023 20:22:55 PAGE 3   

 117   1        OneWire_Init();
 118   1        OneWire_SendByte(DS18B20_SKIP_ROM);
 119   1        OneWire_SendByte(DS18B20_READ_SCRATCHPAD);
 120   1        TLSB=OneWire_ReceiveByte();
 121   1        TMSB=OneWire_ReceiveByte();
 122   1        Temp=(TMSB<<8)|TLSB;
 123   1        T=Temp/16.0;
 124   1        return T;
 125   1      }


MODULE INFORMATION:   STATIC OVERLAYABLE
   CODE SIZE        =    253    ----
   CONSTANT SIZE    =   ----    ----
   XDATA SIZE       =   ----       8
   PDATA SIZE       =   ----    ----
   DATA SIZE        =   ----    ----
   IDATA SIZE       =   ----    ----
   BIT SIZE         =   ----    ----
END OF MODULE INFORMATION.


C51 COMPILATION COMPLETE.  0 WARNING(S),  0 ERROR(S)
