C51 COMPILER V9.54   MQ_2                                                                  07/07/2023 11:59:38 PAGE 1   


C51 COMPILER V9.54, COMPILATION OF MODULE MQ_2
OBJECT MODULE PLACED IN .\Objects\MQ_2.obj
COMPILER INVOKED BY: D:\Keil 5\C51\BIN\C51.EXE MQ_2.c LARGE OPTIMIZE(8,SPEED) BROWSE DEBUG OBJECTEXTEND PRINT(.\Listings
                    -\MQ_2.lst) TABS(2) OBJECT(.\Objects\MQ_2.obj)

line level    source

   1          #include <MQ_2.h>
   2          #include "delay.h"
   3          
   4          sbit Fu = P3^4;
   5          bit A;
   6          
   7          bit Smoke1( )
   8          {
   9   1        A = Fu;
  10   1        if(A == 0)
  11   1        {
  12   2          delay5ms();
  13   2          if(A == 0)
  14   2          {
  15   3            A = 0;
  16   3          }         
  17   2        } 
  18   1        return A;
  19   1      } 


MODULE INFORMATION:   STATIC OVERLAYABLE
   CODE SIZE        =     18    ----
   CONSTANT SIZE    =   ----    ----
   XDATA SIZE       =   ----    ----
   PDATA SIZE       =   ----    ----
   DATA SIZE        =   ----    ----
   IDATA SIZE       =   ----    ----
   BIT SIZE         =      1    ----
END OF MODULE INFORMATION.


C51 COMPILATION COMPLETE.  0 WARNING(S),  0 ERROR(S)
