C51 COMPILER V9.54   UART                                                                  05/23/2023 20:55:50 PAGE 1   


C51 COMPILER V9.54, COMPILATION OF MODULE UART
OBJECT MODULE PLACED IN .\Objects\uart.obj
COMPILER INVOKED BY: D:\Keil5 C51\C51\BIN\C51.EXE uart.c LARGE OPTIMIZE(8,SPEED) BROWSE DEBUG OBJECTEXTEND PRINT(.\Listi
                    -ngs\uart.lst) TABS(2) OBJECT(.\Objects\uart.obj)

line level    source

   1          #include <uart.h>
   2          #include "delay.h"
   3          
   4          #define u8 unsigned char
   5          #define u32 unsigned int
   6          
   7          void Send_Byte1(u8 dat)
   8          {
   9   1          IE2 = 0;
  10   1        S2BUF=dat;
  11   1        while(!(S2CON & 0x02));
  12   1        S2CON &= 0xFD;
  13   1          IE2 = 1;
  14   1      }
  15          void Send_String(u8 *dat)
  16          {
  17   1        while(*dat)
  18   1        {
  19   2          Send_Byte1(*dat++);
  20   2        }
  21   1      }
  22          
  23          
  24          void UartInit(void)   //9600bps@12MHz  
  25          {
  26   1        S2CON = 0x50;   //8位数据,可变波特率
  27   1        AUXR |= 0x04;   //定时器时钟1T模式
  28   1        T2L = 0xC7;     //设置定时初始值
  29   1        T2H = 0xFE;     //设置定时初始值
  30   1        AUXR |= 0x10;   //定时器2开始计时
  31   1      }
  32          
  33          
  34          void Send_text()
  35          {
  36   1          Send_String("AT\r\n");
  37   1      
  38   1          delay1000ms();
  39   1          Send_String("AT+CMGF=1\r\n");
  40   1      
  41   1          delay1000ms();
  42   1          Send_String("AT+CSMP=17,167,2,25\r\n");
  43   1          delay1000ms();
  44   1          Send_String("AT+CSCS=\"UCS2\"\r\n");
  45   1          delay1000ms();
  46   1          Send_String("AT+CMGS=\"00310037003800370036003000370038003600370036\"\r\n");
  47   1          delay1000ms();
  48   1          Send_String("4ED35E936709706B707E98848B66");
  49   1          delay1000ms();
  50   1          Send_Byte1(0x1A); 
  51   1          delay1000ms();
  52   1          delay1000ms();
  53   1          delay1000ms();
  54   1          delay1000ms();
C51 COMPILER V9.54   UART                                                                  05/23/2023 20:55:50 PAGE 2   

  55   1          delay1000ms();                //TODO  reduce delay? 
  56   1      }


MODULE INFORMATION:   STATIC OVERLAYABLE
   CODE SIZE        =    176    ----
   CONSTANT SIZE    =    142    ----
   XDATA SIZE       =   ----       3
   PDATA SIZE       =   ----    ----
   DATA SIZE        =   ----    ----
   IDATA SIZE       =   ----    ----
   BIT SIZE         =   ----    ----
END OF MODULE INFORMATION.


C51 COMPILATION COMPLETE.  0 WARNING(S),  0 ERROR(S)
